2024-10-11 16:07:40,285 - root - WARNING - UI Started.
2024-10-11 16:10:20,866 - root - WARNING - UI Started.
2024-10-11 16:14:38,251 - root - WARNING - UI Started.
2024-10-11 16:17:44,882 - root - WARNING - UI Started.
2024-10-11 16:22:35,236 - root - WARNING - UI Started.
2024-10-11 16:23:13,509 - photogrammetry.MetashapeTools - INFO - Building model E10510 in location E:/automation/E10510/JPG from photos in E:/automation/E10510
2024-10-11 16:23:13,510 - photogrammetry.MetashapeTools - INFO - Loading project E:/automation/E10510\E10510.psx
2024-10-11 16:23:13,934 - photogrammetry.MetashapeTools - INFO - A Chunk called E10510 already exists. Building it.
2024-10-11 16:23:13,941 - photogrammetry.MetashapeTools - INFO - Loading images from E:/automation/E10510/JPG
2024-10-11 16:23:14,154 - photogrammetry.MetashapeTools - INFO - Loading images from E:/automation/E10510/JPG
2024-10-11 16:23:14,358 - photogrammetry.MetashapeTools - INFO - Loading images from E:/automation/E10510/JPG
2024-10-11 16:23:14,564 - photogrammetry.MetashapeTools - INFO - Loading images from E:/automation/E10510/JPG
2024-10-11 16:23:14,782 - photogrammetry.MetashapeTools - INFO - Loading images from E:/automation/E10510/JPG
2024-10-11 16:23:15,002 - photogrammetry.MetashapeTools - INFO - Loading images from E:/automation/E10510/JPG
2024-10-11 16:23:15,215 - photogrammetry.MetashapeTools - INFO - Loading images from E:/automation/E10510/JPG
2024-10-11 16:23:15,431 - photogrammetry.MetashapeTools - INFO - Loading images from E:/automation/E10510/JPG
2024-10-11 16:23:15,637 - photogrammetry.MetashapeTools - INFO - Loading images from E:/automation/E10510/JPG
2024-10-11 16:23:15,842 - photogrammetry.MetashapeTools - INFO - Loading images from E:/automation/E10510/JPG
2024-10-11 16:23:16,050 - photogrammetry.MetashapeTools - INFO - Loading images from E:/automation/E10510/JPG
2024-10-11 16:23:16,263 - photogrammetry.MetashapeTools - INFO - Loading images from E:/automation/E10510/JPG
2024-10-11 16:23:16,474 - photogrammetry.MetashapeTools - INFO - Loading images from E:/automation/E10510/JPG
2024-10-11 16:23:16,692 - photogrammetry.MetashapeTools - INFO - Loading images from E:/automation/E10510/JPG
2024-10-11 16:23:16,907 - photogrammetry.MetashapeTools - INFO - Loading images from E:/automation/E10510/JPG
2024-10-11 16:23:17,123 - photogrammetry.MetashapeTools - INFO - Loading images from E:/automation/E10510/JPG
2024-10-11 16:23:17,329 - photogrammetry.MetashapeTools - INFO - Loading images from E:/automation/E10510/JPG
2024-10-11 16:23:17,545 - photogrammetry.MetashapeTools - INFO - Loading images from E:/automation/E10510/JPG
2024-10-11 16:23:17,761 - photogrammetry.MetashapeTools - INFO - Loading images from E:/automation/E10510/JPG
2024-10-11 16:23:17,966 - photogrammetry.MetashapeTools - INFO - Loading images from E:/automation/E10510/JPG
2024-10-11 16:23:18,170 - photogrammetry.MetashapeTools - INFO - Loading images from E:/automation/E10510/JPG
2024-10-11 16:23:18,388 - photogrammetry.MetashapeTools - INFO - Loading images from E:/automation/E10510/JPG
2024-10-11 16:23:18,604 - photogrammetry.MetashapeTools - INFO - Loading images from E:/automation/E10510/JPG
2024-10-11 16:23:18,810 - photogrammetry.MetashapeTools - INFO - Loading images from E:/automation/E10510/JPG
2024-10-11 16:23:19,026 - photogrammetry.MetashapeTools - INFO - Loading images from E:/automation/E10510/JPG
2024-10-11 16:23:19,245 - photogrammetry.MetashapeTools - INFO - Loading images from E:/automation/E10510/JPG
2024-10-11 16:23:19,463 - photogrammetry.MetashapeTools - INFO - Loading images from E:/automation/E10510/JPG
2024-10-11 16:23:19,669 - photogrammetry.MetashapeTools - INFO - Loading images from E:/automation/E10510/JPG
2024-10-11 16:23:19,875 - photogrammetry.MetashapeTools - INFO - Loading images from E:/automation/E10510/JPG
2024-10-11 16:23:20,090 - photogrammetry.MetashapeTools - INFO - Loading images from E:/automation/E10510/JPG
2024-10-11 16:23:20,308 - photogrammetry.MetashapeTools - INFO - Loading images from E:/automation/E10510/JPG
2024-10-11 16:23:20,514 - photogrammetry.MetashapeTools - INFO - Loading images from E:/automation/E10510/JPG
2024-10-11 16:23:20,731 - photogrammetry.MetashapeTools - INFO - Loading images from E:/automation/E10510/JPG
2024-10-11 16:23:20,936 - photogrammetry.MetashapeTools - INFO - Loading images from E:/automation/E10510/JPG
2024-10-11 16:23:21,147 - photogrammetry.MetashapeTools - INFO - Loading images from E:/automation/E10510/JPG
2024-10-11 16:23:21,361 - photogrammetry.MetashapeTools - INFO - Loading images from E:/automation/E10510/JPG
2024-10-11 16:23:21,580 - photogrammetry.MetashapeTools - INFO - Loading images from E:/automation/E10510/JPG
2024-10-11 16:23:21,796 - photogrammetry.MetashapeTools - INFO - Loading images from E:/automation/E10510/JPG
2024-10-11 16:23:22,011 - photogrammetry.MetashapeTools - INFO - Loading images from E:/automation/E10510/JPG
2024-10-11 16:23:22,229 - photogrammetry.MetashapeTools - INFO - Loading images from E:/automation/E10510/JPG
2024-10-11 16:23:22,443 - photogrammetry.MetashapeTools - INFO - Loading images from E:/automation/E10510/JPG
2024-10-11 16:23:22,656 - photogrammetry.MetashapeTools - INFO - Loading images from E:/automation/E10510/JPG
2024-10-11 16:23:22,869 - photogrammetry.MetashapeTools - INFO - Loading images from E:/automation/E10510/JPG
2024-10-11 16:23:23,084 - photogrammetry.MetashapeTools - INFO - Loading images from E:/automation/E10510/JPG
2024-10-11 16:23:23,288 - photogrammetry.MetashapeTools - INFO - Loading images from E:/automation/E10510/JPG
2024-10-11 16:23:23,506 - photogrammetry.MetashapeTools - INFO - Loading images from E:/automation/E10510/JPG
2024-10-11 16:23:23,713 - photogrammetry.MetashapeTools - INFO - Loading images from E:/automation/E10510/JPG
2024-10-11 16:23:23,929 - photogrammetry.MetashapeTools - INFO - Loading images from E:/automation/E10510/JPG
2024-10-11 16:23:24,136 - photogrammetry.MetashapeTools - INFO - Loading images from E:/automation/E10510/JPG
2024-10-11 16:23:24,352 - photogrammetry.MetashapeTools - INFO - Loading images from E:/automation/E10510/JPG
2024-10-11 16:23:24,577 - photogrammetry.MetashapeTools - INFO - Loading images from E:/automation/E10510/JPG
2024-10-11 16:23:24,780 - photogrammetry.MetashapeTools - INFO - Loading images from E:/automation/E10510/JPG
2024-10-11 16:23:24,996 - photogrammetry.MetashapeTools - INFO - Loading images from E:/automation/E10510/JPG
2024-10-11 16:23:25,215 - photogrammetry.MetashapeTools - INFO - Loading images from E:/automation/E10510/JPG
2024-10-11 16:23:25,430 - photogrammetry.MetashapeTools - INFO - Loading images from E:/automation/E10510/JPG
2024-10-11 16:23:25,635 - photogrammetry.MetashapeTools - INFO - Loading images from E:/automation/E10510/JPG
2024-10-11 16:23:25,854 - photogrammetry.MetashapeTools - INFO - Loading images from E:/automation/E10510/JPG
2024-10-11 16:23:26,069 - photogrammetry.MetashapeTools - INFO - Loading images from E:/automation/E10510/JPG
2024-10-11 16:23:26,285 - photogrammetry.MetashapeTools - INFO - Loading images from E:/automation/E10510/JPG
2024-10-11 16:23:26,499 - photogrammetry.MetashapeTools - INFO - Loading images from E:/automation/E10510/JPG
2024-10-11 16:23:26,712 - photogrammetry.MetashapeTools - INFO - Loading images from E:/automation/E10510/JPG
2024-10-11 16:23:26,919 - photogrammetry.MetashapeTools - INFO - Loading images from E:/automation/E10510/JPG
2024-10-11 16:23:27,132 - photogrammetry.MetashapeTools - INFO - Loading images from E:/automation/E10510/JPG
2024-10-11 16:23:27,338 - photogrammetry.MetashapeTools - INFO - Loading images from E:/automation/E10510/JPG
2024-10-11 16:23:27,553 - photogrammetry.MetashapeTools - INFO - Loading images from E:/automation/E10510/JPG
2024-10-11 16:23:27,757 - photogrammetry.MetashapeTools - INFO - Loading images from E:/automation/E10510/JPG
2024-10-11 16:23:27,971 - photogrammetry.MetashapeTools - INFO - Loading images from E:/automation/E10510/JPG
2024-10-11 16:23:28,175 - photogrammetry.MetashapeTools - INFO - Loading images from E:/automation/E10510/JPG
2024-10-11 16:23:28,393 - photogrammetry.MetashapeTools - INFO - Loading images from E:/automation/E10510/JPG
2024-10-11 16:23:28,612 - photogrammetry.MetashapeTools - INFO - Loading images from E:/automation/E10510/JPG
2024-10-11 16:23:28,820 - photogrammetry.MetashapeTools - INFO - Loading images from E:/automation/E10510/JPG
2024-10-11 16:23:29,034 - photogrammetry.MetashapeTools - INFO - Loading images from E:/automation/E10510/JPG
2024-10-11 16:23:29,243 - photogrammetry.MetashapeTools - INFO - Loading images from E:/automation/E10510/JPG
2024-10-11 16:23:29,458 - photogrammetry.MetashapeTools - INFO - Loading images from E:/automation/E10510/JPG
2024-10-11 16:23:29,664 - photogrammetry.MetashapeTools - INFO - Loading images from E:/automation/E10510/JPG
2024-10-11 16:23:29,882 - photogrammetry.MetashapeTools - INFO - Loading images from E:/automation/E10510/JPG
2024-10-11 16:23:30,089 - photogrammetry.MetashapeTools - INFO - Loading images from E:/automation/E10510/JPG
2024-10-11 16:23:30,308 - photogrammetry.MetashapeTools - INFO - Loading images from E:/automation/E10510/JPG
2024-10-11 16:23:30,520 - photogrammetry.MetashapeTools - INFO - Loading images from E:/automation/E10510/JPG
2024-10-11 16:23:30,734 - photogrammetry.MetashapeTools - INFO - Loading images from E:/automation/E10510/JPG
2024-10-11 16:23:30,954 - photogrammetry.MetashapeTools - INFO - Loading images from E:/automation/E10510/JPG
2024-10-11 16:23:31,175 - photogrammetry.MetashapeTools - INFO - Loading images from E:/automation/E10510/JPG
2024-10-11 16:23:31,380 - photogrammetry.MetashapeTools - INFO - Loading images from E:/automation/E10510/JPG
2024-10-11 16:23:31,594 - photogrammetry.MetashapeTools - INFO - Loading images from E:/automation/E10510/JPG
2024-10-11 16:23:31,810 - photogrammetry.MetashapeTools - INFO - Loading images from E:/automation/E10510/JPG
2024-10-11 16:23:32,015 - photogrammetry.MetashapeTools - INFO - Loading images from E:/automation/E10510/JPG
2024-10-11 16:23:32,228 - photogrammetry.MetashapeTools - INFO - Loading images from E:/automation/E10510/JPG
2024-10-11 16:23:32,447 - photogrammetry.MetashapeTools - INFO - Loading images from E:/automation/E10510/JPG
2024-10-11 16:23:32,653 - photogrammetry.MetashapeTools - INFO - Loading images from E:/automation/E10510/JPG
2024-10-11 16:23:32,868 - photogrammetry.MetashapeTools - INFO - Loading images from E:/automation/E10510/JPG
2024-10-11 16:23:33,087 - photogrammetry.MetashapeTools - INFO - Loading images from E:/automation/E10510/JPG
2024-10-11 16:23:33,298 - photogrammetry.MetashapeTools - INFO - Loading images from E:/automation/E10510/JPG
2024-10-11 16:23:33,505 - photogrammetry.MetashapeTools - INFO - Loading images from E:/automation/E10510/JPG
2024-10-11 16:23:33,711 - photogrammetry.MetashapeTools - INFO - Loading images from E:/automation/E10510/JPG
2024-10-11 16:23:33,916 - photogrammetry.MetashapeTools - INFO - Loading images from E:/automation/E10510/JPG
2024-10-11 16:23:34,126 - photogrammetry.MetashapeTools - INFO - Loading images from E:/automation/E10510/JPG
2024-10-11 16:23:34,332 - photogrammetry.MetashapeTools - INFO - Loading images from E:/automation/E10510/JPG
2024-10-11 16:23:34,546 - photogrammetry.MetashapeTools - INFO - Loading images from E:/automation/E10510/JPG
2024-10-11 16:23:34,765 - photogrammetry.MetashapeTools - INFO - Loading images from E:/automation/E10510/JPG
2024-10-11 16:23:34,971 - photogrammetry.MetashapeTools - INFO - Loading images from E:/automation/E10510/JPG
2024-10-11 16:23:35,196 - photogrammetry.MetashapeTools - INFO - Loading masks from E:/automation/E10510\Masks
2024-10-11 16:23:40,780 - photogrammetry.MetashapeTools - INFO - Aligning photos.
2024-10-11 16:27:55,095 - root - WARNING - UI Started.
2024-10-11 16:28:27,463 - photogrammetry.MetashapeTools - INFO - Building model E10510 in location E:/automation/E10510/JPG from photos in E:/automation/E10510
2024-10-11 16:28:28,103 - photogrammetry.MetashapeTools - INFO - Added chunk E10510.
2024-10-11 16:28:28,114 - photogrammetry.MetashapeTools - INFO - Loading images from E:/automation/E10510/JPG
2024-10-11 16:28:49,152 - photogrammetry.MetashapeTools - INFO - Loading masks from E:/automation/E10510\Masks
2024-10-11 16:28:54,514 - photogrammetry.MetashapeTools - INFO - Aligning photos.
2024-10-11 16:30:55,694 - photogrammetry.ModelHelpers - INFO - Refining sparse cloud on chunk <Chunk 'E10510'>
2024-10-11 16:45:33,747 - root - WARNING - UI Started.
2024-10-11 16:45:59,939 - photogrammetry.MetashapeTools - INFO - Building model E10510 in location E:/automation/E10510/JPG from photos in E:/automation/E10510
2024-10-11 16:45:59,940 - photogrammetry.MetashapeTools - INFO - Loading project E:/automation/E10510\E10510.psx
2024-10-11 16:46:00,366 - photogrammetry.MetashapeTools - INFO - A Chunk called E10510 already exists. Building it.
2024-10-11 16:46:00,366 - photogrammetry.MetashapeTools - INFO - Building Depth Maps.
2024-10-11 16:49:19,216 - photogrammetry.MetashapeTools - INFO - Building Model.
2024-10-11 16:52:55,538 - photogrammetry.MetashapeTools - INFO - Finding markers as defined in small_axes_palette.
2024-10-11 16:53:09,009 - photogrammetry.MetashapeTools - INFO - Attempting to define scalebars.
2024-10-11 16:53:09,251 - photogrammetry.MetashapeTools - INFO - Cleaning up detached geometry.
2024-10-11 16:53:15,010 - photogrammetry.MetashapeTools - INFO - Closing holes.
2024-10-11 16:53:17,404 - photogrammetry.MetashapeTools - INFO - Building a lower poly version of the model from a duplicate chunk.
2024-10-11 16:53:25,700 - photogrammetry.MetashapeTools - INFO - Building UV Map and Texture for chunk E10510
2024-10-11 16:55:17,178 - photogrammetry.MetashapeTools - INFO - Building UV Map and Texture for chunk E10510 lowpoly 100K
2024-10-11 16:56:27,407 - photogrammetry.MetashapeTools - WARNING - No axes on which to orient chunk E10510
2024-10-11 16:57:28,141 - photogrammetry.MetashapeTools - WARNING - No axes on which to orient chunk E10510 lowpoly 100K
2024-10-11 17:02:25,797 - photogrammetry.MetashapeTools - INFO - Building model E10510 in location E:/automation/E10510/JPG from photos in E:/automation/E10510
2024-10-11 17:02:25,799 - photogrammetry.MetashapeTools - INFO - Loading project E:/automation/E10510\E10510.psx
2024-10-11 17:02:26,234 - photogrammetry.MetashapeTools - INFO - A Chunk called E10510 already exists. Building it.
2024-10-11 17:02:26,234 - photogrammetry.MetashapeTools - INFO - Finding markers as defined in small_axes_palette.
2024-10-11 17:02:40,033 - photogrammetry.MetashapeTools - INFO - Attempting to define scalebars.
2024-10-11 17:04:24,211 - root - WARNING - UI Started.
2024-10-11 17:05:03,433 - photogrammetry.MetashapeTools - INFO - Building model E10510 in location E:/automation/E10510/JPG from photos in E:/automation/E10510
2024-10-11 17:05:03,435 - photogrammetry.MetashapeTools - INFO - Loading project E:/automation/E10510\E10510.psx
2024-10-11 17:05:03,853 - photogrammetry.MetashapeTools - INFO - A Chunk called E10510 already exists. Building it.
2024-10-11 17:05:03,853 - photogrammetry.MetashapeTools - INFO - Finding markers as defined in protractor.
2024-10-11 17:05:03,864 - photogrammetry.MetashapeTools - INFO - Attempting to define scalebars.
2024-10-11 17:05:04,089 - photogrammetry.MetashapeTools - INFO - Cleaning up detached geometry.
2024-10-11 17:05:18,332 - photogrammetry.MetashapeTools - INFO - Closing holes.
2024-10-11 17:05:21,057 - photogrammetry.MetashapeTools - INFO - Building a lower poly version of the model from a duplicate chunk.
2024-10-11 17:05:33,632 - photogrammetry.MetashapeTools - INFO - Building UV Map and Texture for chunk E10510 lowpoly 100K
